send: 'ehlo [192.168.1.8]\r\n'
reply: b'250-SI2PR06CA0006.outlook.office365.com Hello [180.253.40.228]\r\n'
reply: b'250-SIZE 157286400\r\n'
reply: b'250-PIPELINING\r\n'
reply: b'250-DSN\r\n'
reply: b'250-ENHANCEDSTATUSCODES\r\n'
reply: b'250-STARTTLS\r\n'
reply: b'250-8BITMIME\r\n'
reply: b'250-BINARYMIME\r\n'
reply: b'250-CHUNKING\r\n'
reply: b'250 SMTPUTF8\r\n'
reply: retcode (250); Msg: b'SI2PR06CA0006.outlook.office365.com Hello [180.253.40.228]\nSIZE 157286400\nPIPELINING\nDSN\nENHANCEDSTATUSCODES\nSTARTTLS\n8BITMIME\nBINARYMIME\nCHUNKING\nSMTPUTF8'
send: 'STARTTLS\r\n'
reply: b'220 2.0.0 SMTP server ready\r\n'
reply: retcode (220); Msg: b'2.0.0 SMTP server ready'
send: 'ehlo [192.168.1.8]\r\n'
reply: b'250-SI2PR06CA0006.outlook.office365.com Hello [180.253.40.228]\r\n'
reply: b'250-SIZE 157286400\r\n'
reply: b'250-PIPELINING\r\n'
reply: b'250-DSN\r\n'
reply: b'250-ENHANCEDSTATUSCODES\r\n'
reply: b'250-AUTH LOGIN XOAUTH2\r\n'
reply: b'250-8BITMIME\r\n'
reply: b'250-BINARYMIME\r\n'
reply: b'250-CHUNKING\r\n'
reply: b'250 SMTPUTF8\r\n'
reply: retcode (250); Msg: b'SI2PR06CA0006.outlook.office365.com Hello [180.253.40.228]\nSIZE 157286400\nPIPELINING\nDSN\nENHANCEDSTATUSCODES\nAUTH LOGIN XOAUTH2\n8BITMIME\nBINARYMIME\nCHUNKING\nSMTPUTF8'
send: 'AUTH LOGIN c3VyeWFhYmRpbGxhaC4yMDUwMjVAbWhzLml0cy5hYy5pZA==\r\n'
reply: b'334 UGFzc3dvcmQ6\r\n'
reply: retcode (334); Msg: b'UGFzc3dvcmQ6'
send: 'U3JlbmdlbmdlMTcwNg==\r\n'
reply: b'235 2.7.0 Authentication successful\r\n'
reply: retcode (235); Msg: b'2.7.0 Authentication successful'
send: 'mail FROM:<suryaabdillah.205025@mhs.its.ac.id> size=123\r\n'
reply: b'250 2.1.0 Sender OK\r\n'
reply: retcode (250); Msg: b'2.1.0 Sender OK'
send: 'rcpt TO:<suryaabdillah172@gmail.com>\r\n'
reply: b'250 2.1.5 Recipient OK\r\n'
reply: retcode (250); Msg: b'2.1.5 Recipient OK'
send: 'data\r\n'
reply: b'354 Start mail input; end with <CRLF>.<CRLF>\r\n'
reply: retcode (354); Msg: b'Start mail input; end with <CRLF>.<CRLF>'
data: (354, b'Start mail input; end with <CRLF>.<CRLF>')
send: b'Subject: tugas SMTP\r\n\r\n\r\nFrom: suryaabdillah.205025@mhs.its.ac.id\r\nTo: suryaabdillah172@gmail.com\r\n\r\nhaloo kamu siapa\r\nda\r\n.\r\n'
reply: b'250 2.0.0 OK <SG2PR04MB3898DA3AE9A2EE943647C0B986449@SG2PR04MB3898.apcprd04.prod.outlook.com> [Hostname=SG2PR04MB3898.apcprd04.prod.outlook.com]\r\n'
reply: retcode (250); Msg: b'2.0.0 OK <SG2PR04MB3898DA3AE9A2EE943647C0B986449@SG2PR04MB3898.apcprd04.prod.outlook.com> [Hostname=SG2PR04MB3898.apcprd04.prod.outlook.com]'
data: (250, b'2.0.0 OK <SG2PR04MB3898DA3AE9A2EE943647C0B986449@SG2PR04MB3898.apcprd04.prod.outlook.com> [Hostname=SG2PR04MB3898.apcprd04.prod.outlook.com]')
send: 'quit\r\n'
reply: b'221 2.0.0 Service closing transmission channel\r\n'
reply: retcode (221); Msg: b'2.0.0 Service closing transmission channel'
